INFO: [SIM 2] *************** CSIM start ***************
INFO: [SIM 4] CSIM will launch GCC as the compiler.
   Compiling ../../../testbench.cpp in debug mode
   Compiling ../../../datamover.cpp in debug mode
   Generating csim.exe
Test Parameters:
TX_PRBS_STATE=0x15EC38A2
TX_TRANSFER_LENGTH=1048575
RX_PRBS_STATE=0x970AC5FD
RX_TRANSFER_LENGTH=1048577
AXI_WORD_LOG2_BYTES=3
AXI_WORD_SIZE=8
AXI_WORD_BITS=64
AXIS_WORD_LOG2_BYTES=2
AXIS_WORD_SIZE=4
AXIS_WORD_BITS=32
AXIS_WORDS_PER_AXI_WORD=2
CACHE_WORD_ADDRESS_BITS=9
CACHE_WORDS=512
CACHE_SIZE=4096
BUFFER_WORD_ADDRESS_BITS=22
BUFFER_WORDS=4194304
BUFFER_SIZE=33554432
LOOP_ITERATOR_BITS=13
LOOP_MAX_TRIP_COUNT=8192
LOOP_TRIP_COUNT_BITS=14
CACHE_LENGTH_BITS=11
CACHE_LENGTH=1024
BUFFER_LENGTH_BITS=24
Allocating 33554432 byte transmit buffer... SUCCESS
Allocating 33554432 byte receive buffer... SUCCESS
tx_buffer crc=0x5899FCC8
rx_stream crc=0xAC6CE6B7
Testing data_mover()...
data_tx crc=0x5899FCC8
rx_buffer crc=0xAC6CE6B7
INFO: [SIM 1] CSim done with 0 errors.
INFO: [SIM 3] *************** CSIM finish ***************
