INFO: [HLS 200-10] Running 'C:/Xilinx/Vivado/2018.1/bin/unwrapped/win64.o/vivado_hls.exe'
INFO: [HLS 200-10] For user 'Jamil J. Weatherbee' on host 'macula10' (Windows NT_amd64 version 6.2) on Mon Jun 11 01:15:36 -0700 2018
INFO: [HLS 200-10] In directory 'C:/git/snickerdoodle-hls-data-mover'
INFO: [HLS 200-10] Opening project 'C:/git/snickerdoodle-hls-data-mover/datamover'.
INFO: [HLS 200-10] Opening solution 'C:/git/snickerdoodle-hls-data-mover/datamover/production'.
INFO: [SYN 201-201] Setting up clock 'default' with a period of 6.5ns.
INFO: [SYN 201-201] Setting up clock 'default' with an uncertainty of 2ns.
INFO: [HLS 200-10] Setting target device to 'xc7z020clg400-3'
INFO: [SIM 211-2] *************** CSIM start ***************
INFO: [SIM 211-4] CSIM will launch GCC as the compiler.
   Compiling ../../../testbench.cpp in debug mode
   Compiling ../../../datamover.cpp in debug mode
   Generating csim.exe
In file included from C:/Xilinx/Vivado/2018.1/include/floating_point_v7_0_bitacc_cmodel.h:143:0,
                 from C:/Xilinx/Vivado/2018.1/include/hls_fpo.h:172,
                 from C:/Xilinx/Vivado/2018.1/include/hls_half.h:57,
                 from C:/Xilinx/Vivado/2018.1/include/ap_int.h:74,
                 from ../../../datamover.h:39,
                 from ../../../testbench.cpp:39:
C:/Xilinx/Vivado/2018.1/include/gmp.h:62:0: warning: "__GMP_LIBGMP_DLL" redefined [enabled by default]
C:/Xilinx/Vivado/2018.1/include/floating_point_v7_0_bitacc_cmodel.h:135:0: note: this is the location of the previous definition
In file included from C:/Xilinx/Vivado/2018.1/include/floating_point_v7_0_bitacc_cmodel.h:143:0,
                 from C:/Xilinx/Vivado/2018.1/include/hls_fpo.h:172,
                 from C:/Xilinx/Vivado/2018.1/include/hls_half.h:57,
                 from C:/Xilinx/Vivado/2018.1/include/ap_int.h:74,
                 from ../../../datamover.h:39,
                 from ../../../datamover.cpp:36:
C:/Xilinx/Vivado/2018.1/include/gmp.h:62:0: warning: "__GMP_LIBGMP_DLL" redefined [enabled by default]
C:/Xilinx/Vivado/2018.1/include/floating_point_v7_0_bitacc_cmodel.h:135:0: note: this is the location of the previous definition
Allocating 16777216 byte transmit buffer... SUCCESS
Allocating 16777216 byte receive buffer... SUCCESS
tx_buffer crc=0x7D0DE0C7
rx_stream crc=0x81F93BCF
Testing data_mover()...
data_tx crc=0x7D0DE0C7
rx_buffer crc=0x81F93BCF
INFO: [SIM 211-1] CSim done with 0 errors.
INFO: [SIM 211-3] *************** CSIM finish ***************
