INFO: [COSIM-47] Using XSIM for RTL simulation.
INFO: [COSIM-14] Instrumenting C test bench ...
WARNING: [COSIM-369] AXI_master port 'tx_buffer.V' has a depth of '2097152'. Insufficient depth may result in simulation mismatch or freeze.
WARNING: [COSIM-369] AXI_master port 'rx_buffer.V' has a depth of '2097152'. Insufficient depth may result in simulation mismatch or freeze.
   Build using "C:/Xilinx/Vivado/2018.1/msys/bin/g++.exe"
   Compiling apatb_data_mover.cpp
   Compiling datamover.cpp_pre.cpp.tb.cpp
   Compiling testbench.cpp_pre.cpp.tb.cpp
   Generating cosim.tv.exe
INFO: [COSIM-302] Starting C TB testing ... 
INFO: [COSIM-333] Generating C post check test bench ...
INFO: [COSIM-12] Generating RTL test bench ...
INFO: [COSIM-322] Starting VHDL simulation. 
INFO: [COSIM-15] Starting XSIM ...
INFO: [COSIM-316] Starting C post checking ...
Test Parameters:
TX_PRBS_STATE=0x15EC38A2
TX_TRANSFER_LENGTH=1048575
RX_PRBS_STATE=0x970AC5FD
RX_TRANSFER_LENGTH=1048577
AXI_WORD_LOG2_BYTES=3
AXI_WORD_SIZE=8
AXI_WORD_BITS=64
AXIS_WORD_LOG2_BYTES=0
AXIS_WORD_SIZE=1
AXIS_WORD_BITS=8
AXIS_WORDS_PER_AXI_WORD=8
CACHE_WORD_ADDRESS_BITS=9
CACHE_WORDS=512
CACHE_SIZE=4096
BUFFER_WORD_ADDRESS_BITS=21
BUFFER_WORDS=2097152
BUFFER_SIZE=16777216
LOOP_ITERATOR_BITS=12
LOOP_MAX_TRIP_COUNT=4096
LOOP_TRIP_COUNT_BITS=13
CACHE_LENGTH_BITS=13
CACHE_LENGTH=4096
BUFFER_LENGTH_BITS=25
Allocating 16777216 byte transmit buffer... SUCCESS
Allocating 16777216 byte receive buffer... SUCCESS
tx_buffer crc=0x7D0DE0C7
rx_stream crc=0x81F93BCF
Testing data_mover()...
data_tx crc=0x7D0DE0C7
rx_buffer crc=0x81F93BCF

C:\git\snickerdoodle-hls-data-mover\datamover\production\sim\vhdl>call C:/Xilinx/Vivado/2018.1/bin/xelab xil_defaultlib.apatb_data_mover_top glbl -prj data_mover.prj -L smartconnect_v1_0 -L axi_protocol_checker_v1_1_12 -L axi_protocol_checker_v1_1_13 -L axis_protocol_checker_v1_1_11 -L axis_protocol_checker_v1_1_12 -L xil_defaultlib -L unisims --initfile "C:/Xilinx/Vivado/2018.1/data/xsim/ip/xsim_ip.ini" --lib "ieee_proposed=./ieee_proposed" -s data_mover -debug wave 
INFO: [XSIM 43-3496] Using init file passed via -initfile option "C:/Xilinx/Vivado/2018.1/data/xsim/ip/xsim_ip.ini".
Vivado Simulator 2018.1
Copyright 1986-1999, 2001-2017 Xilinx, Inc. All Rights Reserved.
Running: C:/Xilinx/Vivado/2018.1/bin/unwrapped/win64.o/xelab.exe xil_defaultlib.apatb_data_mover_top glbl -prj data_mover.prj -L smartconnect_v1_0 -L axi_protocol_checker_v1_1_12 -L axi_protocol_checker_v1_1_13 -L axis_protocol_checker_v1_1_11 -L axis_protocol_checker_v1_1_12 -L xil_defaultlib -L unisims --initfile C:/Xilinx/Vivado/2018.1/data/xsim/ip/xsim_ip.ini --lib ieee_proposed=./ieee_proposed -s data_mover -debug wave 
Multi-threading is on. Using 2 slave threads.
Determining compilation order of HDL files.
INFO: [VRFC 10-2263] Analyzing SystemVerilog file "C:/git/snickerdoodle-hls-data-mover/datamover/production/sim/vhdl/glbl.v" into library work
INFO: [VRFC 10-311] analyzing module glbl
INFO: [VRFC 10-163] Analyzing VHDL file "C:/git/snickerdoodle-hls-data-mover/datamover/production/sim/vhdl/AESL_sim_pkg.vhd" into library xil_defaultlib
INFO: [VRFC 10-163] Analyzing VHDL file "C:/git/snickerdoodle-hls-data-mover/datamover/production/sim/vhdl/AESL_axi_master_DMA.vhd" into library xil_defaultlib
INFO: [VRFC 10-307] analyzing entity AESL_axi_master_DMA
INFO: [VRFC 10-163] Analyzing VHDL file "C:/git/snickerdoodle-hls-data-mover/datamover/production/sim/vhdl/AESL_axi_slave_control.vhd" into library xil_defaultlib
INFO: [VRFC 10-307] analyzing entity AESL_axi_slave_control
INFO: [VRFC 10-163] Analyzing VHDL file "C:/git/snickerdoodle-hls-data-mover/datamover/production/sim/vhdl/AESL_axi_s_data_rx_V_V.vhd" into library xil_defaultlib
INFO: [VRFC 10-307] analyzing entity AESL_axi_s_data_rx_V_V
INFO: [VRFC 10-163] Analyzing VHDL file "C:/git/snickerdoodle-hls-data-mover/datamover/production/sim/vhdl/AESL_axi_s_data_tx_V_V.vhd" into library xil_defaultlib
INFO: [VRFC 10-307] analyzing entity AESL_axi_s_data_tx_V_V
INFO: [VRFC 10-163] Analyzing VHDL file "C:/git/snickerdoodle-hls-data-mover/datamover/production/sim/vhdl/dataflow_in_loop.vhd" into library xil_defaultlib
INFO: [VRFC 10-307] analyzing entity dataflow_in_loop
INFO: [VRFC 10-163] Analyzing VHDL file "C:/git/snickerdoodle-hls-data-mover/datamover/production/sim/vhdl/dataflow_in_loop59.vhd" into library xil_defaultlib
INFO: [VRFC 10-307] analyzing entity dataflow_in_loop59
INFO: [VRFC 10-163] Analyzing VHDL file "C:/git/snickerdoodle-hls-data-mover/datamover/production/sim/vhdl/dataflow_in_loop5bkb.vhd" into library xil_defaultlib
INFO: [VRFC 10-307] analyzing entity dataflow_in_loop5bkb
INFO: [VRFC 10-163] Analyzing VHDL file "C:/git/snickerdoodle-hls-data-mover/datamover/production/sim/vhdl/dataflow_in_loop5bkb_memcore.vhd" into library xil_defaultlib
INFO: [VRFC 10-307] analyzing entity dataflow_in_loop5bkb_memcore_ram
INFO: [VRFC 10-307] analyzing entity dataflow_in_loop5bkb_memcore
INFO: [VRFC 10-163] Analyzing VHDL file "C:/git/snickerdoodle-hls-data-mover/datamover/production/sim/vhdl/dataflow_in_loop_cud.vhd" into library xil_defaultlib
INFO: [VRFC 10-307] analyzing entity dataflow_in_loop_cud
INFO: [VRFC 10-163] Analyzing VHDL file "C:/git/snickerdoodle-hls-data-mover/datamover/production/sim/vhdl/dataflow_in_loop_cud_memcore.vhd" into library xil_defaultlib
INFO: [VRFC 10-307] analyzing entity dataflow_in_loop_cud_memcore_ram
INFO: [VRFC 10-307] analyzing entity dataflow_in_loop_cud_memcore
INFO: [VRFC 10-163] Analyzing VHDL file "C:/git/snickerdoodle-hls-data-mover/datamover/production/sim/vhdl/data_mover.autotb.vhd" into library xil_defaultlib
INFO: [VRFC 10-307] analyzing entity apatb_data_mover_top
INFO: [VRFC 10-163] Analyzing VHDL file "C:/git/snickerdoodle-hls-data-mover/datamover/production/sim/vhdl/data_mover.vhd" into library xil_defaultlib
INFO: [VRFC 10-307] analyzing entity data_mover
INFO: [VRFC 10-163] Analyzing VHDL file "C:/git/snickerdoodle-hls-data-mover/datamover/production/sim/vhdl/data_mover_control_s_axi.vhd" into library xil_defaultlib
INFO: [VRFC 10-307] analyzing entity data_mover_control_s_axi
INFO: [VRFC 10-163] Analyzing VHDL file "C:/git/snickerdoodle-hls-data-mover/datamover/production/sim/vhdl/data_mover_DMA_m_axi.vhd" into library xil_defaultlib
INFO: [VRFC 10-307] analyzing entity data_mover_DMA_m_axi
INFO: [VRFC 10-307] analyzing entity data_mover_DMA_m_axi_reg_slice
INFO: [VRFC 10-307] analyzing entity data_mover_DMA_m_axi_fifo
INFO: [VRFC 10-307] analyzing entity data_mover_DMA_m_axi_buffer
INFO: [VRFC 10-307] analyzing entity data_mover_DMA_m_axi_decoder
INFO: [VRFC 10-307] analyzing entity data_mover_DMA_m_axi_throttl
INFO: [VRFC 10-307] analyzing entity data_mover_DMA_m_axi_read
INFO: [VRFC 10-307] analyzing entity data_mover_DMA_m_axi_write
INFO: [VRFC 10-163] Analyzing VHDL file "C:/git/snickerdoodle-hls-data-mover/datamover/production/sim/vhdl/fifo_w13_d2_A.vhd" into library xil_defaultlib
INFO: [VRFC 10-307] analyzing entity fifo_w13_d2_A_shiftReg
INFO: [VRFC 10-307] analyzing entity fifo_w13_d2_A
INFO: [VRFC 10-163] Analyzing VHDL file "C:/git/snickerdoodle-hls-data-mover/datamover/production/sim/vhdl/fifo_w21_d2_A.vhd" into library xil_defaultlib
INFO: [VRFC 10-307] analyzing entity fifo_w21_d2_A_shiftReg
INFO: [VRFC 10-307] analyzing entity fifo_w21_d2_A
INFO: [VRFC 10-163] Analyzing VHDL file "C:/git/snickerdoodle-hls-data-mover/datamover/production/sim/vhdl/fifo_w29_d2_A.vhd" into library xil_defaultlib
INFO: [VRFC 10-307] analyzing entity fifo_w29_d2_A_shiftReg
INFO: [VRFC 10-307] analyzing entity fifo_w29_d2_A
INFO: [VRFC 10-163] Analyzing VHDL file "C:/git/snickerdoodle-hls-data-mover/datamover/production/sim/vhdl/read_burst.vhd" into library xil_defaultlib
INFO: [VRFC 10-307] analyzing entity read_burst
INFO: [VRFC 10-163] Analyzing VHDL file "C:/git/snickerdoodle-hls-data-mover/datamover/production/sim/vhdl/rx_axis_words25.vhd" into library xil_defaultlib
INFO: [VRFC 10-307] analyzing entity rx_axis_words25
INFO: [VRFC 10-163] Analyzing VHDL file "C:/git/snickerdoodle-hls-data-mover/datamover/production/sim/vhdl/rx_loop.vhd" into library xil_defaultlib
INFO: [VRFC 10-307] analyzing entity rx_loop
INFO: [VRFC 10-163] Analyzing VHDL file "C:/git/snickerdoodle-hls-data-mover/datamover/production/sim/vhdl/tx_axis_words.vhd" into library xil_defaultlib
INFO: [VRFC 10-307] analyzing entity tx_axis_words
INFO: [VRFC 10-163] Analyzing VHDL file "C:/git/snickerdoodle-hls-data-mover/datamover/production/sim/vhdl/tx_loop.vhd" into library xil_defaultlib
INFO: [VRFC 10-307] analyzing entity tx_loop
INFO: [VRFC 10-163] Analyzing VHDL file "C:/git/snickerdoodle-hls-data-mover/datamover/production/sim/vhdl/write_burst.vhd" into library xil_defaultlib
INFO: [VRFC 10-307] analyzing entity write_burst
Starting static elaboration
WARNING: [VRFC 10-1303] range is empty (null range) [/wrk/xhdhdnobkup2/mounicav/xsimsource/xsim_HEAD/data/vhdl/src/ieee_2008/numeric_std-body.vhdl:3476]
Completed static elaboration
Starting simulation data flow analysis
Completed simulation data flow analysis
Time Resolution for simulation is 1ps
Compiling package std.standard
Compiling package std.textio
Compiling package ieee.std_logic_1164
Compiling package ieee.std_logic_arith
Compiling package ieee.std_logic_unsigned
Compiling package ieee.numeric_std
Compiling package ieee.std_logic_textio
Compiling module work.glbl
Compiling architecture behave of entity xil_defaultlib.data_mover_control_s_axi [data_mover_control_s_axi_default]
Compiling architecture behav of entity xil_defaultlib.data_mover_DMA_m_axi_throttl [\data_mover_DMA_m_axi_throttl(da...]
Compiling architecture behave of entity xil_defaultlib.data_mover_DMA_m_axi_fifo [\data_mover_DMA_m_axi_fifo(depth...]
Compiling architecture behave of entity xil_defaultlib.data_mover_DMA_m_axi_reg_slice [\data_mover_DMA_m_axi_reg_slice(...]
Compiling architecture behave of entity xil_defaultlib.data_mover_DMA_m_axi_fifo [\data_mover_DMA_m_axi_fifo(data_...]
Compiling architecture arch of entity xil_defaultlib.data_mover_DMA_m_axi_buffer [\data_mover_DMA_m_axi_buffer(dat...]
Compiling architecture behave of entity xil_defaultlib.data_mover_DMA_m_axi_fifo [\data_mover_DMA_m_axi_fifo(data_...]
Compiling architecture behave of entity xil_defaultlib.data_mover_DMA_m_axi_fifo [\data_mover_DMA_m_axi_fifo(data_...]
Compiling architecture behave of entity xil_defaultlib.data_mover_DMA_m_axi_write [\data_mover_DMA_m_axi_write(num_...]
Compiling architecture arch of entity xil_defaultlib.data_mover_DMA_m_axi_buffer [\data_mover_DMA_m_axi_buffer(dat...]
Compiling architecture behave of entity xil_defaultlib.data_mover_DMA_m_axi_reg_slice [\data_mover_DMA_m_axi_reg_slice(...]
Compiling architecture behave of entity xil_defaultlib.data_mover_DMA_m_axi_read [\data_mover_DMA_m_axi_read(num_r...]
Compiling architecture behave of entity xil_defaultlib.data_mover_DMA_m_axi [\data_mover_DMA_m_axi(num_read_o...]
Compiling architecture rtl of entity xil_defaultlib.dataflow_in_loop_cud_memcore_ram [\dataflow_in_loop_cud_memcore_ra...]
Compiling architecture arch of entity xil_defaultlib.dataflow_in_loop_cud_memcore [dataflow_in_loop_cud_memcore_def...]
Compiling architecture rtl of entity xil_defaultlib.dataflow_in_loop_cud [\dataflow_in_loop_cud(addressran...]
Compiling architecture behav of entity xil_defaultlib.rx_axis_words25 [rx_axis_words25_default]
Compiling architecture behav of entity xil_defaultlib.write_burst [write_burst_default]
Compiling architecture rtl of entity xil_defaultlib.fifo_w29_d2_A_shiftReg [fifo_w29_d2_a_shiftreg_default]
Compiling architecture rtl of entity xil_defaultlib.fifo_w29_d2_A [\fifo_w29_d2_A(1,8)\]
Compiling architecture rtl of entity xil_defaultlib.fifo_w21_d2_A_shiftReg [fifo_w21_d2_a_shiftreg_default]
Compiling architecture rtl of entity xil_defaultlib.fifo_w21_d2_A [\fifo_w21_d2_A(1,8)\]
Compiling architecture behav of entity xil_defaultlib.dataflow_in_loop [dataflow_in_loop_default]
Compiling architecture behav of entity xil_defaultlib.rx_loop [rx_loop_default]
Compiling architecture rtl of entity xil_defaultlib.dataflow_in_loop5bkb_memcore_ram [\dataflow_in_loop5bkb_memcore_ra...]
Compiling architecture arch of entity xil_defaultlib.dataflow_in_loop5bkb_memcore [dataflow_in_loop5bkb_memcore_def...]
Compiling architecture rtl of entity xil_defaultlib.dataflow_in_loop5bkb [\dataflow_in_loop5bkb(addressran...]
Compiling architecture behav of entity xil_defaultlib.read_burst [read_burst_default]
Compiling architecture behav of entity xil_defaultlib.tx_axis_words [tx_axis_words_default]
Compiling architecture rtl of entity xil_defaultlib.fifo_w13_d2_A_shiftReg [fifo_w13_d2_a_shiftreg_default]
Compiling architecture rtl of entity xil_defaultlib.fifo_w13_d2_A [\fifo_w13_d2_A(1,8)\]
Compiling architecture behav of entity xil_defaultlib.dataflow_in_loop59 [dataflow_in_loop59_default]
Compiling architecture behav of entity xil_defaultlib.tx_loop [tx_loop_default]
Compiling architecture behav of entity xil_defaultlib.data_mover [data_mover_default]
Compiling architecture behav of entity xil_defaultlib.AESL_axi_s_data_rx_V_V [aesl_axi_s_data_rx_v_v_default]
Compiling architecture behav of entity xil_defaultlib.AESL_axi_s_data_tx_V_V [aesl_axi_s_data_tx_v_v_default]
Compiling architecture behav of entity xil_defaultlib.AESL_axi_master_DMA [aesl_axi_master_dma_default]
Compiling architecture behav of entity xil_defaultlib.AESL_axi_slave_control [aesl_axi_slave_control_default]
Compiling architecture behav of entity xil_defaultlib.apatb_data_mover_top
Built simulation snapshot data_mover

****** Webtalk v2018.1 (64-bit)
  **** SW Build 2188600 on Wed Apr  4 18:40:38 MDT 2018
  **** IP Build 2185939 on Wed Apr  4 20:55:05 MDT 2018
    ** Copyright 1986-2018 Xilinx, Inc. All Rights Reserved.

source C:/git/snickerdoodle-hls-data-mover/datamover/production/sim/vhdl/xsim.dir/data_mover/webtalk/xsim_webtalk.tcl -notrace
INFO: [Common 17-186] 'C:/git/snickerdoodle-hls-data-mover/datamover/production/sim/vhdl/xsim.dir/data_mover/webtalk/usage_statistics_ext_xsim.xml' has been successfully sent to Xilinx on Mon Jun 11 01:52:59 2018. For additional details about this file, please refer to the WebTalk help file at C:/Xilinx/Vivado/2018.1/doc/webtalk_introduction.html.
INFO: [Common 17-206] Exiting Webtalk at Mon Jun 11 01:52:59 2018...

****** xsim v2018.1 (64-bit)
  **** SW Build 2188600 on Wed Apr  4 18:40:38 MDT 2018
  **** IP Build 2185939 on Wed Apr  4 20:55:05 MDT 2018
    ** Copyright 1986-2018 Xilinx, Inc. All Rights Reserved.

source xsim.dir/data_mover/xsim_script.tcl
# xsim {data_mover} -autoloadwcfg -tclbatch {data_mover.tcl}
Vivado Simulator 2018.1
Time resolution is 1 ps
source data_mover.tcl
## log_wave [get_objects -filter {type == in_port || type == out_port || type == inout_port || type == port} /apatb_data_mover_top/AESL_inst_data_mover/*]
## set designtopgroup [add_wave_group "Design Top Signals"]
## set cinoutgroup [add_wave_group "C InOuts" -into $designtopgroup]
## set tx_buffer__rx_buffer_group [add_wave_group tx_buffer__rx_buffer(axi_master) -into $cinoutgroup]
## set rdata_group [add_wave_group "Read Channel" -into $tx_buffer__rx_buffer_group]
## set wdata_group [add_wave_group "Write Channel" -into $tx_buffer__rx_buffer_group]
## set ctrl_group [add_wave_group "Handshakes" -into $tx_buffer__rx_buffer_group]
## add_wave /apatb_data_mover_top/AESL_inst_data_mover/m_axi_DMA_BUSER -into $wdata_group -radix hex
## add_wave /apatb_data_mover_top/AESL_inst_data_mover/m_axi_DMA_BID -into $wdata_group -radix hex
## add_wave /apatb_data_mover_top/AESL_inst_data_mover/m_axi_DMA_BRESP -into $wdata_group -radix hex
## add_wave /apatb_data_mover_top/AESL_inst_data_mover/m_axi_DMA_BREADY -into $ctrl_group -color #ffff00 -radix hex
## add_wave /apatb_data_mover_top/AESL_inst_data_mover/m_axi_DMA_BVALID -into $ctrl_group -color #ffff00 -radix hex
## add_wave /apatb_data_mover_top/AESL_inst_data_mover/m_axi_DMA_RRESP -into $rdata_group -radix hex
## add_wave /apatb_data_mover_top/AESL_inst_data_mover/m_axi_DMA_RUSER -into $rdata_group -radix hex
## add_wave /apatb_data_mover_top/AESL_inst_data_mover/m_axi_DMA_RID -into $rdata_group -radix hex
## add_wave /apatb_data_mover_top/AESL_inst_data_mover/m_axi_DMA_RLAST -into $ctrl_group -color #ffff00 -radix hex
## add_wave /apatb_data_mover_top/AESL_inst_data_mover/m_axi_DMA_RDATA -into $rdata_group -radix hex
## add_wave /apatb_data_mover_top/AESL_inst_data_mover/m_axi_DMA_RREADY -into $ctrl_group -color #ffff00 -radix hex
## add_wave /apatb_data_mover_top/AESL_inst_data_mover/m_axi_DMA_RVALID -into $ctrl_group -color #ffff00 -radix hex
## add_wave /apatb_data_mover_top/AESL_inst_data_mover/m_axi_DMA_ARUSER -into $rdata_group -radix hex
## add_wave /apatb_data_mover_top/AESL_inst_data_mover/m_axi_DMA_ARREGION -into $rdata_group -radix hex
## add_wave /apatb_data_mover_top/AESL_inst_data_mover/m_axi_DMA_ARQOS -into $rdata_group -radix hex
## add_wave /apatb_data_mover_top/AESL_inst_data_mover/m_axi_DMA_ARPROT -into $rdata_group -radix hex
## add_wave /apatb_data_mover_top/AESL_inst_data_mover/m_axi_DMA_ARCACHE -into $rdata_group -radix hex
## add_wave /apatb_data_mover_top/AESL_inst_data_mover/m_axi_DMA_ARLOCK -into $rdata_group -radix hex
## add_wave /apatb_data_mover_top/AESL_inst_data_mover/m_axi_DMA_ARBURST -into $rdata_group -radix hex
## add_wave /apatb_data_mover_top/AESL_inst_data_mover/m_axi_DMA_ARSIZE -into $rdata_group -radix hex
## add_wave /apatb_data_mover_top/AESL_inst_data_mover/m_axi_DMA_ARLEN -into $rdata_group -radix hex
## add_wave /apatb_data_mover_top/AESL_inst_data_mover/m_axi_DMA_ARID -into $rdata_group -radix hex
## add_wave /apatb_data_mover_top/AESL_inst_data_mover/m_axi_DMA_ARADDR -into $rdata_group -radix hex
## add_wave /apatb_data_mover_top/AESL_inst_data_mover/m_axi_DMA_ARREADY -into $ctrl_group -color #ffff00 -radix hex
## add_wave /apatb_data_mover_top/AESL_inst_data_mover/m_axi_DMA_ARVALID -into $ctrl_group -color #ffff00 -radix hex
## add_wave /apatb_data_mover_top/AESL_inst_data_mover/m_axi_DMA_WUSER -into $wdata_group -radix hex
## add_wave /apatb_data_mover_top/AESL_inst_data_mover/m_axi_DMA_WID -into $wdata_group -radix hex
## add_wave /apatb_data_mover_top/AESL_inst_data_mover/m_axi_DMA_WLAST -into $ctrl_group -color #ffff00 -radix hex
## add_wave /apatb_data_mover_top/AESL_inst_data_mover/m_axi_DMA_WSTRB -into $wdata_group -radix hex
## add_wave /apatb_data_mover_top/AESL_inst_data_mover/m_axi_DMA_WDATA -into $wdata_group -radix hex
## add_wave /apatb_data_mover_top/AESL_inst_data_mover/m_axi_DMA_WREADY -into $ctrl_group -color #ffff00 -radix hex
## add_wave /apatb_data_mover_top/AESL_inst_data_mover/m_axi_DMA_WVALID -into $ctrl_group -color #ffff00 -radix hex
## add_wave /apatb_data_mover_top/AESL_inst_data_mover/m_axi_DMA_AWUSER -into $wdata_group -radix hex
## add_wave /apatb_data_mover_top/AESL_inst_data_mover/m_axi_DMA_AWREGION -into $wdata_group -radix hex
## add_wave /apatb_data_mover_top/AESL_inst_data_mover/m_axi_DMA_AWQOS -into $wdata_group -radix hex
## add_wave /apatb_data_mover_top/AESL_inst_data_mover/m_axi_DMA_AWPROT -into $wdata_group -radix hex
## add_wave /apatb_data_mover_top/AESL_inst_data_mover/m_axi_DMA_AWCACHE -into $wdata_group -radix hex
## add_wave /apatb_data_mover_top/AESL_inst_data_mover/m_axi_DMA_AWLOCK -into $wdata_group -radix hex
## add_wave /apatb_data_mover_top/AESL_inst_data_mover/m_axi_DMA_AWBURST -into $wdata_group -radix hex
## add_wave /apatb_data_mover_top/AESL_inst_data_mover/m_axi_DMA_AWSIZE -into $wdata_group -radix hex
## add_wave /apatb_data_mover_top/AESL_inst_data_mover/m_axi_DMA_AWLEN -into $wdata_group -radix hex
## add_wave /apatb_data_mover_top/AESL_inst_data_mover/m_axi_DMA_AWID -into $wdata_group -radix hex
## add_wave /apatb_data_mover_top/AESL_inst_data_mover/m_axi_DMA_AWADDR -into $wdata_group -radix hex
## add_wave /apatb_data_mover_top/AESL_inst_data_mover/m_axi_DMA_AWREADY -into $ctrl_group -color #ffff00 -radix hex
## add_wave /apatb_data_mover_top/AESL_inst_data_mover/m_axi_DMA_AWVALID -into $ctrl_group -color #ffff00 -radix hex
## set tx_buffer_V__tx_buffer_length__rx_buffer_V__rx_buffer_length__return_group [add_wave_group tx_buffer_V__tx_buffer_length__rx_buffer_V__rx_buffer_length__return(axi_slave) -into $cinoutgroup]
## add_wave /apatb_data_mover_top/AESL_inst_data_mover/interrupt -into $tx_buffer_V__tx_buffer_length__rx_buffer_V__rx_buffer_length__return_group -color #ffff00 -radix hex
## add_wave /apatb_data_mover_top/AESL_inst_data_mover/s_axi_control_BRESP -into $tx_buffer_V__tx_buffer_length__rx_buffer_V__rx_buffer_length__return_group -radix hex
## add_wave /apatb_data_mover_top/AESL_inst_data_mover/s_axi_control_BREADY -into $tx_buffer_V__tx_buffer_length__rx_buffer_V__rx_buffer_length__return_group -color #ffff00 -radix hex
## add_wave /apatb_data_mover_top/AESL_inst_data_mover/s_axi_control_BVALID -into $tx_buffer_V__tx_buffer_length__rx_buffer_V__rx_buffer_length__return_group -color #ffff00 -radix hex
## add_wave /apatb_data_mover_top/AESL_inst_data_mover/s_axi_control_RRESP -into $tx_buffer_V__tx_buffer_length__rx_buffer_V__rx_buffer_length__return_group -radix hex
## add_wave /apatb_data_mover_top/AESL_inst_data_mover/s_axi_control_RDATA -into $tx_buffer_V__tx_buffer_length__rx_buffer_V__rx_buffer_length__return_group -radix hex
## add_wave /apatb_data_mover_top/AESL_inst_data_mover/s_axi_control_RREADY -into $tx_buffer_V__tx_buffer_length__rx_buffer_V__rx_buffer_length__return_group -color #ffff00 -radix hex
## add_wave /apatb_data_mover_top/AESL_inst_data_mover/s_axi_control_RVALID -into $tx_buffer_V__tx_buffer_length__rx_buffer_V__rx_buffer_length__return_group -color #ffff00 -radix hex
## add_wave /apatb_data_mover_top/AESL_inst_data_mover/s_axi_control_ARREADY -into $tx_buffer_V__tx_buffer_length__rx_buffer_V__rx_buffer_length__return_group -color #ffff00 -radix hex
## add_wave /apatb_data_mover_top/AESL_inst_data_mover/s_axi_control_ARVALID -into $tx_buffer_V__tx_buffer_length__rx_buffer_V__rx_buffer_length__return_group -color #ffff00 -radix hex
## add_wave /apatb_data_mover_top/AESL_inst_data_mover/s_axi_control_ARADDR -into $tx_buffer_V__tx_buffer_length__rx_buffer_V__rx_buffer_length__return_group -radix hex
## add_wave /apatb_data_mover_top/AESL_inst_data_mover/s_axi_control_WSTRB -into $tx_buffer_V__tx_buffer_length__rx_buffer_V__rx_buffer_length__return_group -radix hex
## add_wave /apatb_data_mover_top/AESL_inst_data_mover/s_axi_control_WDATA -into $tx_buffer_V__tx_buffer_length__rx_buffer_V__rx_buffer_length__return_group -radix hex
## add_wave /apatb_data_mover_top/AESL_inst_data_mover/s_axi_control_WREADY -into $tx_buffer_V__tx_buffer_length__rx_buffer_V__rx_buffer_length__return_group -color #ffff00 -radix hex
## add_wave /apatb_data_mover_top/AESL_inst_data_mover/s_axi_control_WVALID -into $tx_buffer_V__tx_buffer_length__rx_buffer_V__rx_buffer_length__return_group -color #ffff00 -radix hex
## add_wave /apatb_data_mover_top/AESL_inst_data_mover/s_axi_control_AWREADY -into $tx_buffer_V__tx_buffer_length__rx_buffer_V__rx_buffer_length__return_group -color #ffff00 -radix hex
## add_wave /apatb_data_mover_top/AESL_inst_data_mover/s_axi_control_AWVALID -into $tx_buffer_V__tx_buffer_length__rx_buffer_V__rx_buffer_length__return_group -color #ffff00 -radix hex
## add_wave /apatb_data_mover_top/AESL_inst_data_mover/s_axi_control_AWADDR -into $tx_buffer_V__tx_buffer_length__rx_buffer_V__rx_buffer_length__return_group -radix hex
## set coutputgroup [add_wave_group "C Outputs" -into $designtopgroup]
## set data_tx_group [add_wave_group data_tx(axis) -into $coutputgroup]
## add_wave /apatb_data_mover_top/AESL_inst_data_mover/data_tx_V_V_TREADY -into $data_tx_group -color #ffff00 -radix hex
## add_wave /apatb_data_mover_top/AESL_inst_data_mover/data_tx_V_V_TVALID -into $data_tx_group -color #ffff00 -radix hex
## add_wave /apatb_data_mover_top/AESL_inst_data_mover/data_tx_V_V_TDATA -into $data_tx_group -radix hex
## set cinputgroup [add_wave_group "C Inputs" -into $designtopgroup]
## set data_rx_group [add_wave_group data_rx(axis) -into $cinputgroup]
## add_wave /apatb_data_mover_top/AESL_inst_data_mover/data_rx_V_V_TREADY -into $data_rx_group -color #ffff00 -radix hex
## add_wave /apatb_data_mover_top/AESL_inst_data_mover/data_rx_V_V_TVALID -into $data_rx_group -color #ffff00 -radix hex
## add_wave /apatb_data_mover_top/AESL_inst_data_mover/data_rx_V_V_TDATA -into $data_rx_group -radix hex
## set resetgroup [add_wave_group "Reset" -into $designtopgroup]
## add_wave /apatb_data_mover_top/AESL_inst_data_mover/ap_rst_n -into $resetgroup
## set clockgroup [add_wave_group "Clock" -into $designtopgroup]
## add_wave /apatb_data_mover_top/AESL_inst_data_mover/ap_clk -into $clockgroup
## save_wave_config data_mover.wcfg
## run all
Note: simulation done!
Time: 6853018250 ps  Iteration: 1  Process: /apatb_data_mover_top/generate_sim_done_proc  File: C:/git/snickerdoodle-hls-data-mover/datamover/production/sim/vhdl/data_mover.autotb.vhd
Failure: NORMAL EXIT (note: failure is to force the simulator to stop)
Time: 6853018250 ps  Iteration: 1  Process: /apatb_data_mover_top/generate_sim_done_proc  File: C:/git/snickerdoodle-hls-data-mover/datamover/production/sim/vhdl/data_mover.autotb.vhd
$finish called at time : 6853018250 ps
run: Time (s): cpu = 00:00:00 ; elapsed = 00:03:56 . Memory (MB): peak = 229.992 ; gain = 0.000
## quit
INFO: [Common 17-206] Exiting xsim at Mon Jun 11 01:57:07 2018...
Test Parameters:
TX_PRBS_STATE=0x15EC38A2
TX_TRANSFER_LENGTH=1048575
RX_PRBS_STATE=0x970AC5FD
RX_TRANSFER_LENGTH=1048577
AXI_WORD_LOG2_BYTES=3
AXI_WORD_SIZE=8
AXI_WORD_BITS=64
AXIS_WORD_LOG2_BYTES=0
AXIS_WORD_SIZE=1
AXIS_WORD_BITS=8
AXIS_WORDS_PER_AXI_WORD=8
CACHE_WORD_ADDRESS_BITS=9
CACHE_WORDS=512
CACHE_SIZE=4096
BUFFER_WORD_ADDRESS_BITS=21
BUFFER_WORDS=2097152
BUFFER_SIZE=16777216
LOOP_ITERATOR_BITS=12
LOOP_MAX_TRIP_COUNT=4096
LOOP_TRIP_COUNT_BITS=13
CACHE_LENGTH_BITS=13
CACHE_LENGTH=4096
BUFFER_LENGTH_BITS=25
Allocating 16777216 byte transmit buffer... SUCCESS
Allocating 16777216 byte receive buffer... SUCCESS
tx_buffer crc=0x7D0DE0C7
rx_stream crc=0x81F93BCF
Testing data_mover()...
data_tx crc=0x7D0DE0C7
rx_buffer crc=0x81F93BCF
INFO: [COSIM-1000] *** C/RTL co-simulation finished: PASS ***
INFO: [COSIM-211] II is measurable only when transaction number is greater than 1 in RTL simulation. Otherwise, they will be marked as all NA. If user wants to calculate them, please make sure there are at least 2 transactions in RTL simulation.
