

================================================================
== Vivado HLS Report for 'data_mover_32b64b'
================================================================
* Date:           Mon Jun 11 19:35:38 2018

* Version:        2018.1 (Build 2188600 on Wed Apr 04 19:04:02 MDT 2018)
* Project:        datamover
* Solution:       production
* Product family: zynq
* Target device:  xc7z020clg400-3


================================================================
== Performance Estimates
================================================================
+ Timing (ns): 
    * Summary: 
    +--------+-------+----------+------------+
    |  Clock | Target| Estimated| Uncertainty|
    +--------+-------+----------+------------+
    |ap_clk  |   6.50|      5.77|        2.00|
    +--------+-------+----------+------------+

+ Latency (clock cycles): 
    * Summary: 
    +-----+---------+-----+---------+---------+
    |    Latency    |    Interval   | Pipeline|
    | min |   max   | min |   max   |   Type  |
    +-----+---------+-----+---------+---------+
    |  525|  8421903|  525|  8421903|   none  |
    +-----+---------+-----+---------+---------+

    + Detail: 
        * Instance: 
        +--------------------+---------+-----+---------+-----+---------+---------+
        |                    |         |    Latency    |    Interval   | Pipeline|
        |      Instance      |  Module | min |   max   | min |   max   |   Type  |
        +--------------------+---------+-----+---------+-----+---------+---------+
        |grp_tx_loop_fu_94   |tx_loop  |    4|  8421900|    4|  8421900|   none  |
        |grp_rx_loop_fu_105  |rx_loop  |  522|  8421898|  522|  8421898|   none  |
        +--------------------+---------+-----+---------+-----+---------+---------+

        * Loop: 
        N/A



================================================================
== Utilization Estimates
================================================================
* Summary: 
+-----------------+---------+-------+--------+-------+
|       Name      | BRAM_18K| DSP48E|   FF   |  LUT  |
+-----------------+---------+-------+--------+-------+
|DSP              |        -|      -|       -|      -|
|Expression       |        -|      -|       0|    154|
|FIFO             |        -|      -|       -|      -|
|Instance         |        8|      -|    1299|   2312|
|Memory           |        -|      -|       -|      -|
|Multiplexer      |        -|      -|       -|    129|
|Register         |        -|      -|     254|      -|
+-----------------+---------+-------+--------+-------+
|Total            |        8|      0|    1553|   2595|
+-----------------+---------+-------+--------+-------+
|Available        |      280|    220|  106400|  53200|
+-----------------+---------+-------+--------+-------+
|Utilization (%)  |        2|      0|       1|      4|
+-----------------+---------+-------+--------+-------+

+ Detail: 
    * Instance: 
    +-----------------------------------+---------------------------------+---------+-------+-----+-----+
    |              Instance             |              Module             | BRAM_18K| DSP48E|  FF | LUT |
    +-----------------------------------+---------------------------------+---------+-------+-----+-----+
    |data_mover_32b64b_DMA_m_axi_U      |data_mover_32b64b_DMA_m_axi      |        4|      0|  566|  766|
    |data_mover_32b64b_control_s_axi_U  |data_mover_32b64b_control_s_axi  |        0|      0|  172|  264|
    |grp_rx_loop_fu_105                 |rx_loop                          |        2|      0|  277|  637|
    |grp_tx_loop_fu_94                  |tx_loop                          |        2|      0|  284|  645|
    +-----------------------------------+---------------------------------+---------+-------+-----+-----+
    |Total                              |                                 |        8|      0| 1299| 2312|
    +-----------------------------------+---------------------------------+---------+-------+-----+-----+

    * DSP48: 
    N/A

    * Memory: 
    N/A

    * FIFO: 
    N/A

    * Expression: 
    +-------------------------------------+----------+-------+---+----+------------+------------+
    |            Variable Name            | Operation| DSP48E| FF| LUT| Bitwidth P0| Bitwidth P1|
    +-------------------------------------+----------+-------+---+----+------------+------------+
    |tmp_9_i1_fu_210_p2                   |     +    |      0|  0|  21|           1|          14|
    |tmp_9_i_fu_162_p2                    |     +    |      0|  0|  21|           1|          14|
    |data_rx_V_V_0_load_A                 |    and   |      0|  0|   2|           1|           1|
    |data_rx_V_V_0_load_B                 |    and   |      0|  0|   2|           1|           1|
    |data_tx_V_V_1_load_A                 |    and   |      0|  0|   2|           1|           1|
    |data_tx_V_V_1_load_B                 |    and   |      0|  0|   2|           1|           1|
    |data_rx_V_V_0_state_cmp_full         |   icmp   |      0|  0|   8|           2|           1|
    |data_tx_V_V_1_state_cmp_full         |   icmp   |      0|  0|   8|           2|           1|
    |tmp_i1_fu_190_p2                     |   icmp   |      0|  0|  13|          10|           1|
    |tmp_i_fu_142_p2                      |   icmp   |      0|  0|  13|          10|           1|
    |ap_block_state3_on_subcall_done      |    or    |      0|  0|   2|           1|           1|
    |ap_sync_grp_rx_loop_fu_105_ap_done   |    or    |      0|  0|   2|           1|           1|
    |ap_sync_grp_rx_loop_fu_105_ap_ready  |    or    |      0|  0|   2|           1|           1|
    |ap_sync_grp_tx_loop_fu_94_ap_done    |    or    |      0|  0|   2|           1|           1|
    |ap_sync_grp_tx_loop_fu_94_ap_ready   |    or    |      0|  0|   2|           1|           1|
    |rx_final_burst_lengt_fu_216_p3       |  select  |      0|  0|  12|           1|          12|
    |rx_loop_count_V_fu_225_p3            |  select  |      0|  0|  14|           1|          14|
    |tx_final_burst_lengt_fu_168_p3       |  select  |      0|  0|  12|           1|          12|
    |tx_loop_count_V_fu_177_p3            |  select  |      0|  0|  14|           1|          14|
    +-------------------------------------+----------+-------+---+----+------------+------------+
    |Total                                |          |      0|  0| 154|          39|          93|
    +-------------------------------------+----------+-------+---+----+------------+------------+

    * Multiplexer: 
    +------------------------+----+-----------+-----+-----------+
    |          Name          | LUT| Input Size| Bits| Total Bits|
    +------------------------+----+-----------+-----+-----------+
    |DMA_ARVALID             |   9|          2|    1|          2|
    |DMA_AWVALID             |   9|          2|    1|          2|
    |DMA_BREADY              |   9|          2|    1|          2|
    |DMA_RREADY              |   9|          2|    1|          2|
    |DMA_WVALID              |   9|          2|    1|          2|
    |ap_NS_fsm               |  27|          5|    1|          5|
    |data_rx_V_V_0_ack_out   |   9|          2|    1|          2|
    |data_rx_V_V_0_data_out  |   9|          2|   32|         64|
    |data_rx_V_V_0_state     |  15|          3|    2|          6|
    |data_tx_V_V_1_data_out  |   9|          2|   32|         64|
    |data_tx_V_V_1_state     |  15|          3|    2|          6|
    +------------------------+----+-----------+-----+-----------+
    |Total                   | 129|         27|   75|        157|
    +------------------------+----+-----------+-----+-----------+

    * Register: 
    +-----------------------------------------+----+----+-----+-----------+
    |                   Name                  | FF | LUT| Bits| Const Bits|
    +-----------------------------------------+----+----+-----+-----------+
    |ap_CS_fsm                                |   4|   0|    4|          0|
    |ap_sync_reg_grp_rx_loop_fu_105_ap_done   |   1|   0|    1|          0|
    |ap_sync_reg_grp_rx_loop_fu_105_ap_ready  |   1|   0|    1|          0|
    |ap_sync_reg_grp_tx_loop_fu_94_ap_done    |   1|   0|    1|          0|
    |ap_sync_reg_grp_tx_loop_fu_94_ap_ready   |   1|   0|    1|          0|
    |data_rx_V_V_0_payload_A                  |  32|   0|   32|          0|
    |data_rx_V_V_0_payload_B                  |  32|   0|   32|          0|
    |data_rx_V_V_0_sel_rd                     |   1|   0|    1|          0|
    |data_rx_V_V_0_sel_wr                     |   1|   0|    1|          0|
    |data_rx_V_V_0_state                      |   2|   0|    2|          0|
    |data_tx_V_V_1_payload_A                  |  32|   0|   32|          0|
    |data_tx_V_V_1_payload_B                  |  32|   0|   32|          0|
    |data_tx_V_V_1_sel_rd                     |   1|   0|    1|          0|
    |data_tx_V_V_1_sel_wr                     |   1|   0|    1|          0|
    |data_tx_V_V_1_state                      |   2|   0|    2|          0|
    |grp_rx_loop_fu_105_ap_start_reg          |   1|   0|    1|          0|
    |grp_tx_loop_fu_94_ap_start_reg           |   1|   0|    1|          0|
    |rx_buffer_V3_reg_234                     |  29|   0|   29|          0|
    |rx_final_burst_lengt_reg_254             |  11|   0|   11|          0|
    |rx_loop_count_V_reg_259                  |  14|   0|   14|          0|
    |tx_buffer_V1_reg_239                     |  29|   0|   29|          0|
    |tx_final_burst_lengt_reg_244             |  11|   0|   11|          0|
    |tx_loop_count_V_reg_249                  |  14|   0|   14|          0|
    +-----------------------------------------+----+----+-----+-----------+
    |Total                                    | 254|   0|  254|          0|
    +-----------------------------------------+----+----+-----+-----------+



================================================================
== Interface
================================================================
* Summary: 
+-----------------------+-----+-----+------------+-------------------+--------------+
|       RTL Ports       | Dir | Bits|  Protocol  |   Source Object   |    C Type    |
+-----------------------+-----+-----+------------+-------------------+--------------+
|s_axi_control_AWVALID  |  in |    1|    s_axi   |      control      |    pointer   |
|s_axi_control_AWREADY  | out |    1|    s_axi   |      control      |    pointer   |
|s_axi_control_AWADDR   |  in |    6|    s_axi   |      control      |    pointer   |
|s_axi_control_WVALID   |  in |    1|    s_axi   |      control      |    pointer   |
|s_axi_control_WREADY   | out |    1|    s_axi   |      control      |    pointer   |
|s_axi_control_WDATA    |  in |   32|    s_axi   |      control      |    pointer   |
|s_axi_control_WSTRB    |  in |    4|    s_axi   |      control      |    pointer   |
|s_axi_control_ARVALID  |  in |    1|    s_axi   |      control      |    pointer   |
|s_axi_control_ARREADY  | out |    1|    s_axi   |      control      |    pointer   |
|s_axi_control_ARADDR   |  in |    6|    s_axi   |      control      |    pointer   |
|s_axi_control_RVALID   | out |    1|    s_axi   |      control      |    pointer   |
|s_axi_control_RREADY   |  in |    1|    s_axi   |      control      |    pointer   |
|s_axi_control_RDATA    | out |   32|    s_axi   |      control      |    pointer   |
|s_axi_control_RRESP    | out |    2|    s_axi   |      control      |    pointer   |
|s_axi_control_BVALID   | out |    1|    s_axi   |      control      |    pointer   |
|s_axi_control_BREADY   |  in |    1|    s_axi   |      control      |    pointer   |
|s_axi_control_BRESP    | out |    2|    s_axi   |      control      |    pointer   |
|ap_clk                 |  in |    1| ap_ctrl_hs | data_mover_32b64b | return value |
|ap_rst_n               |  in |    1| ap_ctrl_hs | data_mover_32b64b | return value |
|interrupt              | out |    1| ap_ctrl_hs | data_mover_32b64b | return value |
|m_axi_DMA_AWVALID      | out |    1|    m_axi   |        DMA        |    pointer   |
|m_axi_DMA_AWREADY      |  in |    1|    m_axi   |        DMA        |    pointer   |
|m_axi_DMA_AWADDR       | out |   32|    m_axi   |        DMA        |    pointer   |
|m_axi_DMA_AWID         | out |    1|    m_axi   |        DMA        |    pointer   |
|m_axi_DMA_AWLEN        | out |    8|    m_axi   |        DMA        |    pointer   |
|m_axi_DMA_AWSIZE       | out |    3|    m_axi   |        DMA        |    pointer   |
|m_axi_DMA_AWBURST      | out |    2|    m_axi   |        DMA        |    pointer   |
|m_axi_DMA_AWLOCK       | out |    2|    m_axi   |        DMA        |    pointer   |
|m_axi_DMA_AWCACHE      | out |    4|    m_axi   |        DMA        |    pointer   |
|m_axi_DMA_AWPROT       | out |    3|    m_axi   |        DMA        |    pointer   |
|m_axi_DMA_AWQOS        | out |    4|    m_axi   |        DMA        |    pointer   |
|m_axi_DMA_AWREGION     | out |    4|    m_axi   |        DMA        |    pointer   |
|m_axi_DMA_AWUSER       | out |    1|    m_axi   |        DMA        |    pointer   |
|m_axi_DMA_WVALID       | out |    1|    m_axi   |        DMA        |    pointer   |
|m_axi_DMA_WREADY       |  in |    1|    m_axi   |        DMA        |    pointer   |
|m_axi_DMA_WDATA        | out |   64|    m_axi   |        DMA        |    pointer   |
|m_axi_DMA_WSTRB        | out |    8|    m_axi   |        DMA        |    pointer   |
|m_axi_DMA_WLAST        | out |    1|    m_axi   |        DMA        |    pointer   |
|m_axi_DMA_WID          | out |    1|    m_axi   |        DMA        |    pointer   |
|m_axi_DMA_WUSER        | out |    1|    m_axi   |        DMA        |    pointer   |
|m_axi_DMA_ARVALID      | out |    1|    m_axi   |        DMA        |    pointer   |
|m_axi_DMA_ARREADY      |  in |    1|    m_axi   |        DMA        |    pointer   |
|m_axi_DMA_ARADDR       | out |   32|    m_axi   |        DMA        |    pointer   |
|m_axi_DMA_ARID         | out |    1|    m_axi   |        DMA        |    pointer   |
|m_axi_DMA_ARLEN        | out |    8|    m_axi   |        DMA        |    pointer   |
|m_axi_DMA_ARSIZE       | out |    3|    m_axi   |        DMA        |    pointer   |
|m_axi_DMA_ARBURST      | out |    2|    m_axi   |        DMA        |    pointer   |
|m_axi_DMA_ARLOCK       | out |    2|    m_axi   |        DMA        |    pointer   |
|m_axi_DMA_ARCACHE      | out |    4|    m_axi   |        DMA        |    pointer   |
|m_axi_DMA_ARPROT       | out |    3|    m_axi   |        DMA        |    pointer   |
|m_axi_DMA_ARQOS        | out |    4|    m_axi   |        DMA        |    pointer   |
|m_axi_DMA_ARREGION     | out |    4|    m_axi   |        DMA        |    pointer   |
|m_axi_DMA_ARUSER       | out |    1|    m_axi   |        DMA        |    pointer   |
|m_axi_DMA_RVALID       |  in |    1|    m_axi   |        DMA        |    pointer   |
|m_axi_DMA_RREADY       | out |    1|    m_axi   |        DMA        |    pointer   |
|m_axi_DMA_RDATA        |  in |   64|    m_axi   |        DMA        |    pointer   |
|m_axi_DMA_RLAST        |  in |    1|    m_axi   |        DMA        |    pointer   |
|m_axi_DMA_RID          |  in |    1|    m_axi   |        DMA        |    pointer   |
|m_axi_DMA_RUSER        |  in |    1|    m_axi   |        DMA        |    pointer   |
|m_axi_DMA_RRESP        |  in |    2|    m_axi   |        DMA        |    pointer   |
|m_axi_DMA_BVALID       |  in |    1|    m_axi   |        DMA        |    pointer   |
|m_axi_DMA_BREADY       | out |    1|    m_axi   |        DMA        |    pointer   |
|m_axi_DMA_BRESP        |  in |    2|    m_axi   |        DMA        |    pointer   |
|m_axi_DMA_BID          |  in |    1|    m_axi   |        DMA        |    pointer   |
|m_axi_DMA_BUSER        |  in |    1|    m_axi   |        DMA        |    pointer   |
|data_rx_V_V_TDATA      |  in |   32|    axis    |    data_rx_V_V    |    pointer   |
|data_rx_V_V_TVALID     |  in |    1|    axis    |    data_rx_V_V    |    pointer   |
|data_rx_V_V_TREADY     | out |    1|    axis    |    data_rx_V_V    |    pointer   |
|data_tx_V_V_TDATA      | out |   32|    axis    |    data_tx_V_V    |    pointer   |
|data_tx_V_V_TVALID     | out |    1|    axis    |    data_tx_V_V    |    pointer   |
|data_tx_V_V_TREADY     |  in |    1|    axis    |    data_tx_V_V    |    pointer   |
+-----------------------+-----+-----+------------+-------------------+--------------+

